Unity Editor version:    2020.3.27f1 (e759542391ea)
Branch:                  2020.3/release
Build type:              Release
Batch mode:              YES
macOS version:           Version 12.5.1 (Build 21G83)
Darwin version:          21.6.0
Architecture:            x86_64
Running under Rosetta:   NO
Available memory:        32768 MB
Using pre-set license
Pro License: NO

COMMAND LINE ARGUMENTS:
/Applications/Unity/Hub/Editor/2020.3.27f1/Unity.app/Contents/MacOS/Unity
-adb2
-batchMode
-noUpm
-name
AssetImportWorker0
-projectPath
/Users/npietrafesa/tuna fish sandiwch
-logFile
Logs/AssetImportWorker0.log
-srvPort
49684
Successfully changed project path to: /Users/npietrafesa/tuna fish sandiwch
/Users/npietrafesa/tuna fish sandiwch
Using Asset Import Pipeline V2.
Refreshing native plugins compatible for Editor in 39.66 ms, found 3 plugins.
Preloading 0 native plugins for Editor in 0.00 ms.
Initialize engine version: 2020.3.27f1 (e759542391ea)
[Subsystems] Discovering subsystems at path /Applications/Unity/Hub/Editor/2020.3.27f1/Unity.app/Contents/Resources/UnitySubsystems
[Subsystems] Discovering subsystems at path /Users/npietrafesa/tuna fish sandiwch/Assets
GfxDevice: creating device client; threaded=0
2022-11-09 18:26:43.033 Unity[2538:75268] Color LCD preferred device: Intel(R) UHD Graphics 630 (low power)
2022-11-09 18:26:43.033 Unity[2538:75268] Metal devices available: 2
2022-11-09 18:26:43.033 Unity[2538:75268] 0: AMD Radeon Pro 5500M (high power)
2022-11-09 18:26:43.033 Unity[2538:75268] 1: Intel(R) UHD Graphics 630 (low power)
2022-11-09 18:26:43.033 Unity[2538:75268] Using device AMD Radeon Pro 5500M (high power)
Initializing Metal device caps: AMD Radeon Pro 5500M
Initialize mono
Mono path[0] = '/Applications/Unity/Hub/Editor/2020.3.27f1/Unity.app/Contents/Managed'
Mono path[1] = '/Applications/Unity/Hub/Editor/2020.3.27f1/Unity.app/Contents/MonoBleedingEdge/lib/mono/unityjit'
Mono config path = '/Applications/Unity/Hub/Editor/2020.3.27f1/Unity.app/Contents/MonoBleedingEdge/etc'
Using monoOptions --debugger-agent=transport=dt_socket,embedding=1,server=y,suspend=n,address=127.0.0.1:56538
Begin MonoManager ReloadAssembly
Registering precompiled unity dll's ...
Register platform support module: /Applications/Unity/Hub/Editor/2020.3.27f1/PlaybackEngines/WebGLSupport/UnityEditor.WebGL.Extensions.dll
Register platform support module: /Applications/Unity/Hub/Editor/2020.3.27f1/Unity.app/Contents/PlaybackEngines/MacStandaloneSupport/UnityEditor.OSXStandalone.Extensions.dll
Registered in 0.000389 seconds.
Native extension for OSXStandalone target not found
Native extension for WebGL target not found
Refreshing native plugins compatible for Editor in 40.41 ms, found 3 plugins.
Preloading 0 native plugins for Editor in 0.00 ms.
Mono: successfully reloaded assembly
- Completed reload, in  0.622 seconds
Domain Reload Profiling:
	ReloadAssembly (622ms)
		BeginReloadAssembly (38ms)
			ExecutionOrderSort (0ms)
			DisableScriptedObjects (0ms)
			BackupInstance (0ms)
			ReleaseScriptingObjects (0ms)
			CreateAndSetChildDomain (1ms)
		EndReloadAssembly (511ms)
			LoadAssemblies (38ms)
			RebuildTransferFunctionScriptingTraits (0ms)
			SetupTypeCache (179ms)
			ReleaseScriptCaches (0ms)
			RebuildScriptCaches (44ms)
			SetupLoadedEditorAssemblies (190ms)
				LogAssemblyErrors (0ms)
				InitializePlatformSupportModulesInManaged (6ms)
				SetLoadedEditorAssemblies (0ms)
				RefreshPlugins (40ms)
				BeforeProcessingInitializeOnLoad (11ms)
				ProcessInitializeOnLoadAttributes (101ms)
				ProcessInitializeOnLoadMethodAttributes (31ms)
				AfterProcessingInitializeOnLoad (0ms)
				EditorAssembliesLoaded (0ms)
			ExecutionOrderSort2 (0ms)
			AwakeInstancesAfterBackupRestoration (0ms)
Platform modules already initialized, skipping
Registering precompiled user dll's ...
Registered in 0.001484 seconds.
Begin MonoManager ReloadAssembly
Native extension for OSXStandalone target not found
Native extension for WebGL target not found
Refreshing native plugins compatible for Editor in 40.58 ms, found 3 plugins.
Preloading 0 native plugins for Editor in 0.00 ms.
Mono: successfully reloaded assembly
- Completed reload, in  1.264 seconds
Domain Reload Profiling:
	ReloadAssembly (1265ms)
		BeginReloadAssembly (153ms)
			ExecutionOrderSort (0ms)
			DisableScriptedObjects (5ms)
			BackupInstance (0ms)
			ReleaseScriptingObjects (0ms)
			CreateAndSetChildDomain (31ms)
		EndReloadAssembly (1049ms)
			LoadAssemblies (73ms)
			RebuildTransferFunctionScriptingTraits (0ms)
			SetupTypeCache (373ms)
			ReleaseScriptCaches (0ms)
			RebuildScriptCaches (70ms)
			SetupLoadedEditorAssemblies (380ms)
				LogAssemblyErrors (0ms)
				InitializePlatformSupportModulesInManaged (5ms)
				SetLoadedEditorAssemblies (0ms)
				RefreshPlugins (41ms)
				BeforeProcessingInitializeOnLoad (73ms)
				ProcessInitializeOnLoadAttributes (244ms)
				ProcessInitializeOnLoadMethodAttributes (17ms)
				AfterProcessingInitializeOnLoad (1ms)
				EditorAssembliesLoaded (0ms)
			ExecutionOrderSort2 (0ms)
			AwakeInstancesAfterBackupRestoration (7ms)
Platform modules already initialized, skipping
Validating Project structure ... 0.000177 seconds.
Shader import version has changed; will reimport all shaders...
Upgrading shader files ...0.000197 seconds.
Application.AssetDatabase Initial Script Refresh Start
RefreshInfo: InitialScriptRefreshV2(NoUpdateAssetOptions) scanfilter:  ... 1 filters
RefreshProfiler: Total: 0.000ms
Application.AssetDatabase Initial Script Refresh End
Application.AssetDatabase.Refresh Start
Application.AssetDatabase.Refresh End
RefreshInfo: StopAssetImportingV2(ForceSynchronousImport) scanfilter: 
RefreshProfiler: Total: 0.000ms
Launching external process: /Applications/Unity/Hub/Editor/2020.3.27f1/Unity.app/Contents/Tools/UnityShaderCompiler
Launched and connected shader compiler UnityShaderCompiler after 0.01 seconds
Initializing Unity extensions:
2022-11-09 18:26:45.637 Unity[2538:75268] NSEventModifierFlagFunction specified to -setKeyEquivalentModifierMask: for item <NSMenuItem: 0x7f9383832040 Font Asset, ke='Command-F12'>, but is only supported for system-provided menu items; will not be used
2022-11-09 18:26:45.640 Unity[2538:75268] NSEventModifierFlagFunction specified to -setKeyEquivalentModifierMask: for item <NSMenuItem: 0x7f938387c610 Font Asset, ke='Command-F12'>, but is only supported for system-provided menu items; will not be used
========================================================================
Worker process is ready to serve import requests
Refreshing native plugins compatible for Editor in 0.29 ms, found 3 plugins.
Preloading 0 native plugins for Editor in 0.00 ms.
Unloading 2200 Unused Serialized files (Serialized files now loaded: 0)
System memory in use before: 216.1 MB.
System memory in use after: 215.3 MB.

Unloading 108 unused Assets to reduce memory usage. Loaded Objects now: 2667.
Total: 3.977583 ms (FindLiveObjects: 0.303787 ms CreateObjectMapping: 0.101410 ms MarkObjects: 3.078027 ms  DeleteObjects: 0.493705 ms)

AssetImportParameters requested are different than current active one (requested -> active):
  custom:video-decoder-ogg-theora: a1e56fd34408186e4bbccfd4996cb3dc -> 
  custom:container-muxer-webm: aa71ff27fc2769a1b78a27578f13a17b -> 
  custom:container-demuxer-webm: 4f35f7cbe854078d1ac9338744f61a02 -> 
  custom:container-demuxer-ogg: 62fdf1f143b41e24485cea50d1cbac27 -> 
  custom:video-encoder-webm-vp8: eb34c28f22e8b96e1ab97ce403110664 -> 
  custom:framework-osx-AVFoundation: e770b220cccbd017edd2c1fefb359320 -> 
  custom:video-decoder-webm-vp8: 9c59270c3fd7afecdb556c50c9e8de78 -> 
  custom:audio-decoder-ogg-vorbis: bf7c407c2cedff20999df2af8eb42d56 -> 
  custom:audio-encoder-webm-vorbis: bf7c407c2cedff20999df2af8eb42d56 -> 
========================================================================
Received Import Request.
  path: Assets/Scripts/ExitGame.cs
  artifactKey: Guid(a11b946996468430a8beeeeb2fafb50c) Importer(815301076,1909f56bfc062723c751e8b465ee728b)
Start importing Assets/Scripts/ExitGame.cs using Guid(a11b946996468430a8beeeeb2fafb50c) Importer(815301076,1909f56bfc062723c751e8b465ee728b)  -> (artifact id: '0a89c8f8ea70bdff07a3e695cfc9ca4e') in 0.192024 seconds 
  Import took 0.196941 seconds .

========================================================================
Received Prepare
Registering precompiled user dll's ...
Registered in 0.001951 seconds.
Begin MonoManager ReloadAssembly
Native extension for OSXStandalone target not found
Native extension for WebGL target not found
Refreshing native plugins compatible for Editor in 0.42 ms, found 3 plugins.
Preloading 0 native plugins for Editor in 0.00 ms.
2022-11-09 18:26:48.376 Unity[2538:75268] NSEventModifierFlagFunction specified to -setKeyEquivalentModifierMask: for item <NSMenuItem: 0x7f9381ffa100 Font Asset, ke='Command-F12'>, but is only supported for system-provided menu items; will not be used
Mono: successfully reloaded assembly
- Completed reload, in  1.244 seconds
Domain Reload Profiling:
	ReloadAssembly (1244ms)
		BeginReloadAssembly (134ms)
			ExecutionOrderSort (0ms)
			DisableScriptedObjects (7ms)
			BackupInstance (0ms)
			ReleaseScriptingObjects (0ms)
			CreateAndSetChildDomain (73ms)
		EndReloadAssembly (1041ms)
			LoadAssemblies (71ms)
			RebuildTransferFunctionScriptingTraits (0ms)
			SetupTypeCache (343ms)
			ReleaseScriptCaches (1ms)
			RebuildScriptCaches (55ms)
			SetupLoadedEditorAssemblies (437ms)
				LogAssemblyErrors (0ms)
				InitializePlatformSupportModulesInManaged (7ms)
				SetLoadedEditorAssemblies (1ms)
				RefreshPlugins (0ms)
				BeforeProcessingInitializeOnLoad (129ms)
				ProcessInitializeOnLoadAttributes (284ms)
				ProcessInitializeOnLoadMethodAttributes (14ms)
				AfterProcessingInitializeOnLoad (1ms)
				EditorAssembliesLoaded (0ms)
			ExecutionOrderSort2 (0ms)
			AwakeInstancesAfterBackupRestoration (12ms)
Platform modules already initialized, skipping
Refreshing native plugins compatible for Editor in 0.47 ms, found 3 plugins.
Preloading 0 native plugins for Editor in 0.00 ms.
Unloading 2194 Unused Serialized files (Serialized files now loaded: 0)
System memory in use before: 218.3 MB.
System memory in use after: 218.3 MB.

Unloading 24 unused Assets to reduce memory usage. Loaded Objects now: 2670.
Total: 3.042658 ms (FindLiveObjects: 0.164536 ms CreateObjectMapping: 0.083179 ms MarkObjects: 2.694806 ms  DeleteObjects: 0.099395 ms)

AssetImportParameters requested are different than current active one (requested -> active):
  custom:video-decoder-ogg-theora: a1e56fd34408186e4bbccfd4996cb3dc -> 
  custom:container-muxer-webm: aa71ff27fc2769a1b78a27578f13a17b -> 
  custom:container-demuxer-webm: 4f35f7cbe854078d1ac9338744f61a02 -> 
  custom:container-demuxer-ogg: 62fdf1f143b41e24485cea50d1cbac27 -> 
  custom:video-encoder-webm-vp8: eb34c28f22e8b96e1ab97ce403110664 -> 
  custom:framework-osx-AVFoundation: e770b220cccbd017edd2c1fefb359320 -> 
  custom:video-decoder-webm-vp8: 9c59270c3fd7afecdb556c50c9e8de78 -> 
  custom:audio-decoder-ogg-vorbis: bf7c407c2cedff20999df2af8eb42d56 -> 
  custom:audio-encoder-webm-vorbis: bf7c407c2cedff20999df2af8eb42d56 -> 
========================================================================
Received Import Request.
  Time since last request: 91.466200 seconds.
  path: Assets/Scripts/ExitGame.cs
  artifactKey: Guid(a11b946996468430a8beeeeb2fafb50c) Importer(815301076,1909f56bfc062723c751e8b465ee728b)
Start importing Assets/Scripts/ExitGame.cs using Guid(a11b946996468430a8beeeeb2fafb50c) Importer(815301076,1909f56bfc062723c751e8b465ee728b)  -> (artifact id: '00cdecb0cb525cba257e3acf0c5202a4') in 0.006368 seconds 
  Import took 0.011832 seconds .

========================================================================
Received Prepare
Registering precompiled user dll's ...
Registered in 0.002064 seconds.
Begin MonoManager ReloadAssembly
Native extension for OSXStandalone target not found
Native extension for WebGL target not found
Refreshing native plugins compatible for Editor in 0.47 ms, found 3 plugins.
Preloading 0 native plugins for Editor in 0.00 ms.
2022-11-09 18:28:22.397 Unity[2538:75268] NSEventModifierFlagFunction specified to -setKeyEquivalentModifierMask: for item <NSMenuItem: 0x7f93b0411110 Font Asset, ke='Command-F12'>, but is only supported for system-provided menu items; will not be used
Mono: successfully reloaded assembly
- Completed reload, in  1.429 seconds
Domain Reload Profiling:
	ReloadAssembly (1429ms)
		BeginReloadAssembly (158ms)
			ExecutionOrderSort (0ms)
			DisableScriptedObjects (9ms)
			BackupInstance (0ms)
			ReleaseScriptingObjects (0ms)
			CreateAndSetChildDomain (86ms)
		EndReloadAssembly (1167ms)
			LoadAssemblies (91ms)
			RebuildTransferFunctionScriptingTraits (0ms)
			SetupTypeCache (419ms)
			ReleaseScriptCaches (1ms)
			RebuildScriptCaches (74ms)
			SetupLoadedEditorAssemblies (426ms)
				LogAssemblyErrors (0ms)
				InitializePlatformSupportModulesInManaged (6ms)
				SetLoadedEditorAssemblies (1ms)
				RefreshPlugins (1ms)
				BeforeProcessingInitializeOnLoad (139ms)
				ProcessInitializeOnLoadAttributes (265ms)
				ProcessInitializeOnLoadMethodAttributes (14ms)
				AfterProcessingInitializeOnLoad (1ms)
				EditorAssembliesLoaded (0ms)
			ExecutionOrderSort2 (0ms)
			AwakeInstancesAfterBackupRestoration (12ms)
Platform modules already initialized, skipping
Refreshing native plugins compatible for Editor in 0.47 ms, found 3 plugins.
Preloading 0 native plugins for Editor in 0.00 ms.
Unloading 2194 Unused Serialized files (Serialized files now loaded: 0)
System memory in use before: 218.4 MB.
System memory in use after: 218.4 MB.

Unloading 23 unused Assets to reduce memory usage. Loaded Objects now: 2672.
Total: 3.720522 ms (FindLiveObjects: 0.139791 ms CreateObjectMapping: 0.067211 ms MarkObjects: 3.387878 ms  DeleteObjects: 0.124287 ms)

AssetImportParameters requested are different than current active one (requested -> active):
  custom:video-decoder-ogg-theora: a1e56fd34408186e4bbccfd4996cb3dc -> 
  custom:container-muxer-webm: aa71ff27fc2769a1b78a27578f13a17b -> 
  custom:container-demuxer-webm: 4f35f7cbe854078d1ac9338744f61a02 -> 
  custom:container-demuxer-ogg: 62fdf1f143b41e24485cea50d1cbac27 -> 
  custom:video-encoder-webm-vp8: eb34c28f22e8b96e1ab97ce403110664 -> 
  custom:framework-osx-AVFoundation: e770b220cccbd017edd2c1fefb359320 -> 
  custom:video-decoder-webm-vp8: 9c59270c3fd7afecdb556c50c9e8de78 -> 
  custom:audio-decoder-ogg-vorbis: bf7c407c2cedff20999df2af8eb42d56 -> 
  custom:audio-encoder-webm-vorbis: bf7c407c2cedff20999df2af8eb42d56 -> 
========================================================================
Received Prepare
Registering precompiled user dll's ...
Registered in 0.001490 seconds.
Begin MonoManager ReloadAssembly
Native extension for OSXStandalone target not found
Native extension for WebGL target not found
Refreshing native plugins compatible for Editor in 0.43 ms, found 3 plugins.
Preloading 0 native plugins for Editor in 0.00 ms.
2022-11-09 18:30:45.085 Unity[2538:75268] NSEventModifierFlagFunction specified to -setKeyEquivalentModifierMask: for item <NSMenuItem: 0x7f93b01e56e0 Font Asset, ke='Command-F12'>, but is only supported for system-provided menu items; will not be used
Mono: successfully reloaded assembly
- Completed reload, in  1.246 seconds
Domain Reload Profiling:
	ReloadAssembly (1246ms)
		BeginReloadAssembly (133ms)
			ExecutionOrderSort (0ms)
			DisableScriptedObjects (6ms)
			BackupInstance (0ms)
			ReleaseScriptingObjects (0ms)
			CreateAndSetChildDomain (65ms)
		EndReloadAssembly (1051ms)
			LoadAssemblies (75ms)
			RebuildTransferFunctionScriptingTraits (0ms)
			SetupTypeCache (354ms)
			ReleaseScriptCaches (1ms)
			RebuildScriptCaches (61ms)
			SetupLoadedEditorAssemblies (411ms)
				LogAssemblyErrors (0ms)
				InitializePlatformSupportModulesInManaged (6ms)
				SetLoadedEditorAssemblies (1ms)
				RefreshPlugins (0ms)
				BeforeProcessingInitializeOnLoad (138ms)
				ProcessInitializeOnLoadAttributes (251ms)
				ProcessInitializeOnLoadMethodAttributes (14ms)
				AfterProcessingInitializeOnLoad (1ms)
				EditorAssembliesLoaded (0ms)
			ExecutionOrderSort2 (0ms)
			AwakeInstancesAfterBackupRestoration (12ms)
Platform modules already initialized, skipping
Refreshing native plugins compatible for Editor in 0.48 ms, found 3 plugins.
Preloading 0 native plugins for Editor in 0.00 ms.
Unloading 2194 Unused Serialized files (Serialized files now loaded: 0)
System memory in use before: 218.6 MB.
System memory in use after: 218.6 MB.

Unloading 23 unused Assets to reduce memory usage. Loaded Objects now: 2674.
Total: 3.114092 ms (FindLiveObjects: 0.155652 ms CreateObjectMapping: 0.080340 ms MarkObjects: 2.778842 ms  DeleteObjects: 0.098457 ms)

AssetImportParameters requested are different than current active one (requested -> active):
  custom:video-decoder-ogg-theora: a1e56fd34408186e4bbccfd4996cb3dc -> 
  custom:container-muxer-webm: aa71ff27fc2769a1b78a27578f13a17b -> 
  custom:container-demuxer-webm: 4f35f7cbe854078d1ac9338744f61a02 -> 
  custom:container-demuxer-ogg: 62fdf1f143b41e24485cea50d1cbac27 -> 
  custom:video-encoder-webm-vp8: eb34c28f22e8b96e1ab97ce403110664 -> 
  custom:framework-osx-AVFoundation: e770b220cccbd017edd2c1fefb359320 -> 
  custom:video-decoder-webm-vp8: 9c59270c3fd7afecdb556c50c9e8de78 -> 
  custom:audio-decoder-ogg-vorbis: bf7c407c2cedff20999df2af8eb42d56 -> 
  custom:audio-encoder-webm-vorbis: bf7c407c2cedff20999df2af8eb42d56 -> 
========================================================================
Received Prepare
Registering precompiled user dll's ...
Registered in 0.001535 seconds.
Begin MonoManager ReloadAssembly
Native extension for OSXStandalone target not found
Native extension for WebGL target not found
Refreshing native plugins compatible for Editor in 0.43 ms, found 3 plugins.
Preloading 0 native plugins for Editor in 0.00 ms.
2022-11-09 18:32:55.007 Unity[2538:75268] NSEventModifierFlagFunction specified to -setKeyEquivalentModifierMask: for item <NSMenuItem: 0x7f93818bf990 Font Asset, ke='Command-F12'>, but is only supported for system-provided menu items; will not be used
Mono: successfully reloaded assembly
- Completed reload, in  1.174 seconds
Domain Reload Profiling:
	ReloadAssembly (1174ms)
		BeginReloadAssembly (130ms)
			ExecutionOrderSort (0ms)
			DisableScriptedObjects (7ms)
			BackupInstance (0ms)
			ReleaseScriptingObjects (0ms)
			CreateAndSetChildDomain (70ms)
		EndReloadAssembly (982ms)
			LoadAssemblies (65ms)
			RebuildTransferFunctionScriptingTraits (0ms)
			SetupTypeCache (345ms)
			ReleaseScriptCaches (1ms)
			RebuildScriptCaches (61ms)
			SetupLoadedEditorAssemblies (363ms)
				LogAssemblyErrors (0ms)
				InitializePlatformSupportModulesInManaged (6ms)
				SetLoadedEditorAssemblies (1ms)
				RefreshPlugins (0ms)
				BeforeProcessingInitializeOnLoad (128ms)
				ProcessInitializeOnLoadAttributes (217ms)
				ProcessInitializeOnLoadMethodAttributes (11ms)
				AfterProcessingInitializeOnLoad (1ms)
				EditorAssembliesLoaded (0ms)
			ExecutionOrderSort2 (0ms)
			AwakeInstancesAfterBackupRestoration (9ms)
Platform modules already initialized, skipping
Refreshing native plugins compatible for Editor in 0.44 ms, found 3 plugins.
Preloading 0 native plugins for Editor in 0.00 ms.
Unloading 2194 Unused Serialized files (Serialized files now loaded: 0)
System memory in use before: 218.8 MB.
System memory in use after: 218.8 MB.

Unloading 23 unused Assets to reduce memory usage. Loaded Objects now: 2676.
Total: 2.628112 ms (FindLiveObjects: 0.148182 ms CreateObjectMapping: 0.063618 ms MarkObjects: 2.334299 ms  DeleteObjects: 0.081306 ms)

AssetImportParameters requested are different than current active one (requested -> active):
  custom:video-decoder-ogg-theora: a1e56fd34408186e4bbccfd4996cb3dc -> 
  custom:container-muxer-webm: aa71ff27fc2769a1b78a27578f13a17b -> 
  custom:container-demuxer-webm: 4f35f7cbe854078d1ac9338744f61a02 -> 
  custom:container-demuxer-ogg: 62fdf1f143b41e24485cea50d1cbac27 -> 
  custom:video-encoder-webm-vp8: eb34c28f22e8b96e1ab97ce403110664 -> 
  custom:framework-osx-AVFoundation: e770b220cccbd017edd2c1fefb359320 -> 
  custom:video-decoder-webm-vp8: 9c59270c3fd7afecdb556c50c9e8de78 -> 
  custom:audio-decoder-ogg-vorbis: bf7c407c2cedff20999df2af8eb42d56 -> 
  custom:audio-encoder-webm-vorbis: bf7c407c2cedff20999df2af8eb42d56 -> 
========================================================================
Received Import Request.
  Time since last request: 486.107059 seconds.
  path: Assets/Background/Clouds
  artifactKey: Guid(da681ef3398044e45b2851dc25f10137) Importer(815301076,1909f56bfc062723c751e8b465ee728b)
Start importing Assets/Background/Clouds using Guid(da681ef3398044e45b2851dc25f10137) Importer(815301076,1909f56bfc062723c751e8b465ee728b)  -> (artifact id: '9772fed892751420aed6dceb11e7603d') in 0.005832 seconds 
  Import took 0.009949 seconds .

========================================================================
Received Import Request.
  Time since last request: 2.438776 seconds.
  path: Assets/Background/Clouds/Clouds 3
  artifactKey: Guid(c52db9e440fd94439862c93103008b3f) Importer(815301076,1909f56bfc062723c751e8b465ee728b)
Start importing Assets/Background/Clouds/Clouds 3 using Guid(c52db9e440fd94439862c93103008b3f) Importer(815301076,1909f56bfc062723c751e8b465ee728b)  -> (artifact id: '4bd35f5dae7de808343b340fc0da535f') in 0.001704 seconds 
  Import took 0.004605 seconds .

========================================================================
Received Import Request.
  Time since last request: 0.086703 seconds.
  path: Assets/Background/Clouds/Clouds 3/1.png
  artifactKey: Guid(7536210474f9d434284408f0070fa1f9) Importer(815301076,1909f56bfc062723c751e8b465ee728b)
Start importing Assets/Background/Clouds/Clouds 3/1.png using Guid(7536210474f9d434284408f0070fa1f9) Importer(815301076,1909f56bfc062723c751e8b465ee728b)  -> (artifact id: '25798bbf9b0c88bf3caf6fbdcc07eeb1') in 1.411023 seconds 
  Import took 1.417599 seconds .

========================================================================
Received Import Request.
  Time since last request: 0.000283 seconds.
  path: Assets/Background/Clouds/Clouds 3/2.png
  artifactKey: Guid(203ba714797f844f8a75d06653240a06) Importer(815301076,1909f56bfc062723c751e8b465ee728b)
Start importing Assets/Background/Clouds/Clouds 3/2.png using Guid(203ba714797f844f8a75d06653240a06) Importer(815301076,1909f56bfc062723c751e8b465ee728b)  -> (artifact id: '5b7270c73b95d18d570150780e1cd8aa') in 0.011809 seconds 
  Import took 0.014568 seconds .

========================================================================
Received Import Request.
  Time since last request: 0.000180 seconds.
  path: Assets/Background/Clouds/Clouds 3/3.png
  artifactKey: Guid(bdbea2d08a381436d895532150720a57) Importer(815301076,1909f56bfc062723c751e8b465ee728b)
Start importing Assets/Background/Clouds/Clouds 3/3.png using Guid(bdbea2d08a381436d895532150720a57) Importer(815301076,1909f56bfc062723c751e8b465ee728b)  -> (artifact id: 'bbd79055bf188a8d03fd11bb805d7b3a') in 0.013530 seconds 
  Import took 0.016474 seconds .

========================================================================
Received Import Request.
  Time since last request: 0.000208 seconds.
  path: Assets/Background/Clouds/Clouds 3/4.png
  artifactKey: Guid(b54c56f8241484ffaa0ffdcf6c8ff53d) Importer(815301076,1909f56bfc062723c751e8b465ee728b)
Start importing Assets/Background/Clouds/Clouds 3/4.png using Guid(b54c56f8241484ffaa0ffdcf6c8ff53d) Importer(815301076,1909f56bfc062723c751e8b465ee728b)  -> (artifact id: 'cda1c35051f434e9a4b288d8ba43f02c') in 0.013782 seconds 
  Import took 0.016822 seconds .

========================================================================
Received Import Request.
  Time since last request: 11.680731 seconds.
  path: Assets/Background/Clouds/Clouds 4/1.png
  artifactKey: Guid(484dac8f0cd4b45f4bb9f72ffe1a802f) Importer(815301076,1909f56bfc062723c751e8b465ee728b)
Start importing Assets/Background/Clouds/Clouds 4/1.png using Guid(484dac8f0cd4b45f4bb9f72ffe1a802f) Importer(815301076,1909f56bfc062723c751e8b465ee728b)  -> (artifact id: '225761c1dac2f78b94ca93b16a56d91b') in 0.014007 seconds 
  Import took 0.018008 seconds .

========================================================================
Received Import Request.
  Time since last request: 0.000297 seconds.
  path: Assets/Background/Clouds/Clouds 4/2.png
  artifactKey: Guid(d0ccad6c9533546ff9ffc1c9edc2fcba) Importer(815301076,1909f56bfc062723c751e8b465ee728b)
Start importing Assets/Background/Clouds/Clouds 4/2.png using Guid(d0ccad6c9533546ff9ffc1c9edc2fcba) Importer(815301076,1909f56bfc062723c751e8b465ee728b)  -> (artifact id: '300792eab99155fe80b87fb3178b8afa') in 0.011482 seconds 
  Import took 0.015040 seconds .

========================================================================
Received Import Request.
  Time since last request: 0.000235 seconds.
  path: Assets/Background/Clouds/Clouds 4/3.png
  artifactKey: Guid(2a50efaa254d645818f0274e77ce2033) Importer(815301076,1909f56bfc062723c751e8b465ee728b)
Start importing Assets/Background/Clouds/Clouds 4/3.png using Guid(2a50efaa254d645818f0274e77ce2033) Importer(815301076,1909f56bfc062723c751e8b465ee728b)  -> (artifact id: '31e48306e8ad232cb2eb7fb9d5fb346c') in 0.011680 seconds 
  Import took 0.015439 seconds .

========================================================================
Received Import Request.
  Time since last request: 0.000247 seconds.
  path: Assets/Background/Clouds/Clouds 4/4.png
  artifactKey: Guid(d75f912060e0c4cac9a0b273a1b8f801) Importer(815301076,1909f56bfc062723c751e8b465ee728b)
Start importing Assets/Background/Clouds/Clouds 4/4.png using Guid(d75f912060e0c4cac9a0b273a1b8f801) Importer(815301076,1909f56bfc062723c751e8b465ee728b)  -> (artifact id: 'cab43bb2c7091a2f8946f98994847c1c') in 0.012356 seconds 
  Import took 0.016180 seconds .

========================================================================
Received Import Request.
  Time since last request: 6.170871 seconds.
  path: Assets/Background/Clouds/Clouds 5/1.png
  artifactKey: Guid(d1d2cc3a7a5e34139b49a2dcd336c595) Importer(815301076,1909f56bfc062723c751e8b465ee728b)
Start importing Assets/Background/Clouds/Clouds 5/1.png using Guid(d1d2cc3a7a5e34139b49a2dcd336c595) Importer(815301076,1909f56bfc062723c751e8b465ee728b)  -> (artifact id: '67b78fcaa52ebefd452b0cf724a4bade') in 0.016024 seconds 
  Import took 0.019838 seconds .

========================================================================
Received Import Request.
  Time since last request: 0.000273 seconds.
  path: Assets/Background/Clouds/Clouds 5/3.png
  artifactKey: Guid(89da1357c06ee438488e0e5b1f223305) Importer(815301076,1909f56bfc062723c751e8b465ee728b)
Start importing Assets/Background/Clouds/Clouds 5/3.png using Guid(89da1357c06ee438488e0e5b1f223305) Importer(815301076,1909f56bfc062723c751e8b465ee728b)  -> (artifact id: '837912153e5d0b901f6d4d10a7275e7a') in 0.011952 seconds 
  Import took 0.015349 seconds .

========================================================================
Received Import Request.
  Time since last request: 0.000227 seconds.
  path: Assets/Background/Clouds/Clouds 5/5.png
  artifactKey: Guid(fd6a062a29ad744c496ce2b82dd476fd) Importer(815301076,1909f56bfc062723c751e8b465ee728b)
Start importing Assets/Background/Clouds/Clouds 5/5.png using Guid(fd6a062a29ad744c496ce2b82dd476fd) Importer(815301076,1909f56bfc062723c751e8b465ee728b)  -> (artifact id: 'f6fdc860f7d00adde474e86997f1f175') in 0.012422 seconds 
  Import took 0.016096 seconds .

========================================================================
Received Import Request.
  Time since last request: 0.000290 seconds.
  path: Assets/Background/Clouds/Clouds 5/4.png
  artifactKey: Guid(52d0d35ef9fa4413c9e67fbd1f6c3369) Importer(815301076,1909f56bfc062723c751e8b465ee728b)
Start importing Assets/Background/Clouds/Clouds 5/4.png using Guid(52d0d35ef9fa4413c9e67fbd1f6c3369) Importer(815301076,1909f56bfc062723c751e8b465ee728b)  -> (artifact id: '538762f9e93decc723ba399bc86f0c93') in 0.013479 seconds 
  Import took 0.017382 seconds .

========================================================================
Received Import Request.
  Time since last request: 0.000325 seconds.
  path: Assets/Background/Clouds/Clouds 5/2.png
  artifactKey: Guid(675df061dfae447a593835314125fd0a) Importer(815301076,1909f56bfc062723c751e8b465ee728b)
Start importing Assets/Background/Clouds/Clouds 5/2.png using Guid(675df061dfae447a593835314125fd0a) Importer(815301076,1909f56bfc062723c751e8b465ee728b)  -> (artifact id: 'a2102dc0176a742cd1b08ef9b0956156') in 0.010801 seconds 
  Import took 0.014859 seconds .

========================================================================
Received Import Request.
  Time since last request: 0.945605 seconds.
  path: Assets/Background/Clouds/Clouds 6/1.png
  artifactKey: Guid(faa506b7b81fb43b5a2668750d23cab0) Importer(815301076,1909f56bfc062723c751e8b465ee728b)
Start importing Assets/Background/Clouds/Clouds 6/1.png using Guid(faa506b7b81fb43b5a2668750d23cab0) Importer(815301076,1909f56bfc062723c751e8b465ee728b)  -> (artifact id: 'db230e9d85f6e6230cfa8651fd5510f7') in 0.835251 seconds 
  Import took 0.839123 seconds .

========================================================================
Received Import Request.
  Time since last request: 0.000236 seconds.
  path: Assets/Background/Clouds/Clouds 6/6.png
  artifactKey: Guid(c79072e416527492caca2355651fb095) Importer(815301076,1909f56bfc062723c751e8b465ee728b)
Start importing Assets/Background/Clouds/Clouds 6/6.png using Guid(c79072e416527492caca2355651fb095) Importer(815301076,1909f56bfc062723c751e8b465ee728b)  -> (artifact id: '2521e6d514df8e9ff24e9cbcead60406') in 0.018300 seconds 
  Import took 0.021647 seconds .

========================================================================
Received Import Request.
  Time since last request: 0.000200 seconds.
  path: Assets/Background/Clouds/Clouds 6/4.png
  artifactKey: Guid(b814bc0e2e52f438e8f2c1877e05f423) Importer(815301076,1909f56bfc062723c751e8b465ee728b)
Start importing Assets/Background/Clouds/Clouds 6/4.png using Guid(b814bc0e2e52f438e8f2c1877e05f423) Importer(815301076,1909f56bfc062723c751e8b465ee728b)  -> (artifact id: 'a832cffbb0f32e0ae6b01dc1fe372464') in 0.020047 seconds 
  Import took 0.023393 seconds .

========================================================================
Received Import Request.
  Time since last request: 0.000192 seconds.
  path: Assets/Background/Clouds/Clouds 6/2.png
  artifactKey: Guid(99995c63fb63d4d1695bc47160bedeee) Importer(815301076,1909f56bfc062723c751e8b465ee728b)
Start importing Assets/Background/Clouds/Clouds 6/2.png using Guid(99995c63fb63d4d1695bc47160bedeee) Importer(815301076,1909f56bfc062723c751e8b465ee728b)  -> (artifact id: '84e38179f0c85a34b9e59ccad4e9b3c6') in 0.012494 seconds 
  Import took 0.015365 seconds .

========================================================================
Received Import Request.
  Time since last request: 0.000236 seconds.
  path: Assets/Background/Clouds/Clouds 6/3.png
  artifactKey: Guid(7bdf15f86bebb45da9c98b8e63e1f618) Importer(815301076,1909f56bfc062723c751e8b465ee728b)
Start importing Assets/Background/Clouds/Clouds 6/3.png using Guid(7bdf15f86bebb45da9c98b8e63e1f618) Importer(815301076,1909f56bfc062723c751e8b465ee728b)  -> (artifact id: '5f451cf6279f0bb000f2f912709a3464') in 0.010973 seconds 
  Import took 0.014454 seconds .

========================================================================
Received Import Request.
  Time since last request: 0.000207 seconds.
  path: Assets/Background/Clouds/Clouds 6/5.png
  artifactKey: Guid(4c44e59cec28c4913aac82fe1ef5f43a) Importer(815301076,1909f56bfc062723c751e8b465ee728b)
Start importing Assets/Background/Clouds/Clouds 6/5.png using Guid(4c44e59cec28c4913aac82fe1ef5f43a) Importer(815301076,1909f56bfc062723c751e8b465ee728b)  -> (artifact id: '580ea05aa092b6beabe966bb1bb9ba9a') in 0.011609 seconds 
  Import took 0.014507 seconds .

========================================================================
Received Import Request.
  Time since last request: 0.700160 seconds.
  path: Assets/Background/Clouds/Clouds 7/1.png
  artifactKey: Guid(4adc77078f8f94f9abc579dfc44068ef) Importer(815301076,1909f56bfc062723c751e8b465ee728b)
Start importing Assets/Background/Clouds/Clouds 7/1.png using Guid(4adc77078f8f94f9abc579dfc44068ef) Importer(815301076,1909f56bfc062723c751e8b465ee728b)  -> (artifact id: '395b290cfe137c4b90117d7052729841') in 0.010847 seconds 
  Import took 0.014496 seconds .

========================================================================
Received Import Request.
  Time since last request: 0.000261 seconds.
  path: Assets/Background/Clouds/Clouds 7/4.png
  artifactKey: Guid(93978643b374e4f349d5e30f97b134f2) Importer(815301076,1909f56bfc062723c751e8b465ee728b)
Start importing Assets/Background/Clouds/Clouds 7/4.png using Guid(93978643b374e4f349d5e30f97b134f2) Importer(815301076,1909f56bfc062723c751e8b465ee728b)  -> (artifact id: '75ab370d4323e23364ff660c8a81e463') in 0.011317 seconds 
  Import took 0.014803 seconds .

========================================================================
Received Import Request.
  Time since last request: 0.000256 seconds.
  path: Assets/Background/Clouds/Clouds 7/2.png
  artifactKey: Guid(cde63974347ce46ecb57f464ac79d767) Importer(815301076,1909f56bfc062723c751e8b465ee728b)
Start importing Assets/Background/Clouds/Clouds 7/2.png using Guid(cde63974347ce46ecb57f464ac79d767) Importer(815301076,1909f56bfc062723c751e8b465ee728b)  -> (artifact id: '689c3ba6808c21c19593fbf620af909b') in 0.012165 seconds 
  Import took 0.016401 seconds .

========================================================================
Received Import Request.
  Time since last request: 0.000278 seconds.
  path: Assets/Background/Clouds/Clouds 7/3.png
  artifactKey: Guid(dbc8fe5e5ba7b4802bd508743347233a) Importer(815301076,1909f56bfc062723c751e8b465ee728b)
Start importing Assets/Background/Clouds/Clouds 7/3.png using Guid(dbc8fe5e5ba7b4802bd508743347233a) Importer(815301076,1909f56bfc062723c751e8b465ee728b)  -> (artifact id: '79020b3a3be01aa1fa5b4935e627497f') in 0.010578 seconds 
  Import took 0.015216 seconds .

========================================================================
Received Import Request.
  Time since last request: 0.737868 seconds.
  path: Assets/Background/Clouds/Clouds 8/1.png
  artifactKey: Guid(f563d2410dad64d98a87191610786838) Importer(815301076,1909f56bfc062723c751e8b465ee728b)
Start importing Assets/Background/Clouds/Clouds 8/1.png using Guid(f563d2410dad64d98a87191610786838) Importer(815301076,1909f56bfc062723c751e8b465ee728b)  -> (artifact id: '92d56074fbf5478902ef07e44750964d') in 0.011651 seconds 
  Import took 0.015229 seconds .

========================================================================
Received Import Request.
  Time since last request: 0.000308 seconds.
  path: Assets/Background/Clouds/Clouds 8/4.png
  artifactKey: Guid(7a24298723bd64bc5af41e9116634263) Importer(815301076,1909f56bfc062723c751e8b465ee728b)
Start importing Assets/Background/Clouds/Clouds 8/4.png using Guid(7a24298723bd64bc5af41e9116634263) Importer(815301076,1909f56bfc062723c751e8b465ee728b)  -> (artifact id: 'fd824d223c24a2b64ea32d0231e14af2') in 0.014349 seconds 
  Import took 0.018095 seconds .

========================================================================
Received Import Request.
  Time since last request: 0.000513 seconds.
  path: Assets/Background/Clouds/Clouds 8/2.png
  artifactKey: Guid(9136d059eccdd42e59237114b4266a0a) Importer(815301076,1909f56bfc062723c751e8b465ee728b)
Start importing Assets/Background/Clouds/Clouds 8/2.png using Guid(9136d059eccdd42e59237114b4266a0a) Importer(815301076,1909f56bfc062723c751e8b465ee728b)  -> (artifact id: '1f44bb08cb7f6cff363e318364a00006') in 0.014415 seconds 
  Import took 0.018630 seconds .

========================================================================
Received Import Request.
  Time since last request: 0.000230 seconds.
  path: Assets/Background/Clouds/Clouds 8/3.png
  artifactKey: Guid(7d87fdbb53ccb47afa3df61804650827) Importer(815301076,1909f56bfc062723c751e8b465ee728b)
Start importing Assets/Background/Clouds/Clouds 8/3.png using Guid(7d87fdbb53ccb47afa3df61804650827) Importer(815301076,1909f56bfc062723c751e8b465ee728b)  -> (artifact id: 'abb30799c8749d96f654a79c526f2f78') in 0.011699 seconds 
  Import took 0.015247 seconds .

========================================================================
Received Import Request.
  Time since last request: 0.000269 seconds.
  path: Assets/Background/Clouds/Clouds 8/5.png
  artifactKey: Guid(24828dd8728dd435bb18d3a4f3921db5) Importer(815301076,1909f56bfc062723c751e8b465ee728b)
Start importing Assets/Background/Clouds/Clouds 8/5.png using Guid(24828dd8728dd435bb18d3a4f3921db5) Importer(815301076,1909f56bfc062723c751e8b465ee728b)  -> (artifact id: 'a0cd8816646967517bf50bdeb4e32c20') in 0.016425 seconds 
  Import took 0.020584 seconds .

========================================================================
Received Import Request.
  Time since last request: 0.000285 seconds.
  path: Assets/Background/Clouds/Clouds 8/6.png
  artifactKey: Guid(665bb535f310b453182406c54df7d6f6) Importer(815301076,1909f56bfc062723c751e8b465ee728b)
Start importing Assets/Background/Clouds/Clouds 8/6.png using Guid(665bb535f310b453182406c54df7d6f6) Importer(815301076,1909f56bfc062723c751e8b465ee728b)  -> (artifact id: '2d121b57d76681c949191eaed9e9b637') in 0.012526 seconds 
  Import took 0.016359 seconds .

========================================================================
Received Import Request.
  Time since last request: 4.315390 seconds.
  path: Assets/Background/Clouds/Clouds 2/1.png
  artifactKey: Guid(1b36a4ddc3b304460812ee6ec0b8127e) Importer(815301076,1909f56bfc062723c751e8b465ee728b)
Start importing Assets/Background/Clouds/Clouds 2/1.png using Guid(1b36a4ddc3b304460812ee6ec0b8127e) Importer(815301076,1909f56bfc062723c751e8b465ee728b)  -> (artifact id: 'c52be9f0423b179ea39edd354f90f489') in 0.008973 seconds 
  Import took 0.012368 seconds .

========================================================================
Received Import Request.
  Time since last request: 0.000191 seconds.
  path: Assets/Background/Clouds/Clouds 2/2.png
  artifactKey: Guid(1ac889ea3f0b045d9bf5a2b62b4356fe) Importer(815301076,1909f56bfc062723c751e8b465ee728b)
Start importing Assets/Background/Clouds/Clouds 2/2.png using Guid(1ac889ea3f0b045d9bf5a2b62b4356fe) Importer(815301076,1909f56bfc062723c751e8b465ee728b)  -> (artifact id: 'c9dd6de87e8e773dc3e7bdc2a42ef05a') in 0.011467 seconds 
  Import took 0.014628 seconds .

========================================================================
Received Import Request.
  Time since last request: 0.000212 seconds.
  path: Assets/Background/Clouds/Clouds 2/4.png
  artifactKey: Guid(4980cdecf99e746a39701be20b3b2f76) Importer(815301076,1909f56bfc062723c751e8b465ee728b)
Start importing Assets/Background/Clouds/Clouds 2/4.png using Guid(4980cdecf99e746a39701be20b3b2f76) Importer(815301076,1909f56bfc062723c751e8b465ee728b)  -> (artifact id: 'e96d2003433c1ca9d109be28564ef4f8') in 0.012603 seconds 
  Import took 0.015736 seconds .

========================================================================
Received Import Request.
  Time since last request: 0.000214 seconds.
  path: Assets/Background/Clouds/Clouds 2/3.png
  artifactKey: Guid(af22eee956d924238b08455bbf02d360) Importer(815301076,1909f56bfc062723c751e8b465ee728b)
Start importing Assets/Background/Clouds/Clouds 2/3.png using Guid(af22eee956d924238b08455bbf02d360) Importer(815301076,1909f56bfc062723c751e8b465ee728b)  -> (artifact id: '45b1bf8affb8e241b53646853560f104') in 0.013179 seconds 
  Import took 0.016437 seconds .

========================================================================
Received Import Request.
  Time since last request: 0.985712 seconds.
  path: Assets/Background/Clouds/Clouds 1/1.png
  artifactKey: Guid(d46f269cd25f34c3d931382c77338cc1) Importer(815301076,1909f56bfc062723c751e8b465ee728b)
Start importing Assets/Background/Clouds/Clouds 1/1.png using Guid(d46f269cd25f34c3d931382c77338cc1) Importer(815301076,1909f56bfc062723c751e8b465ee728b)  -> (artifact id: '6842f82982268651a6dffeaf20d33dea') in 0.011056 seconds 
  Import took 0.014505 seconds .

========================================================================
Received Import Request.
  Time since last request: 0.000230 seconds.
  path: Assets/Background/Clouds/Clouds 1/4.png
  artifactKey: Guid(590e3ff5b3877482ab0327846b18697c) Importer(815301076,1909f56bfc062723c751e8b465ee728b)
Start importing Assets/Background/Clouds/Clouds 1/4.png using Guid(590e3ff5b3877482ab0327846b18697c) Importer(815301076,1909f56bfc062723c751e8b465ee728b)  -> (artifact id: '10678144df0ea1c756aa8241899df425') in 0.012029 seconds 
  Import took 0.015000 seconds .

========================================================================
Received Import Request.
  Time since last request: 0.000195 seconds.
  path: Assets/Background/Clouds/Clouds 1/2.png
  artifactKey: Guid(b0e2cea734a2f4eef9a2ea2508bdae98) Importer(815301076,1909f56bfc062723c751e8b465ee728b)
Start importing Assets/Background/Clouds/Clouds 1/2.png using Guid(b0e2cea734a2f4eef9a2ea2508bdae98) Importer(815301076,1909f56bfc062723c751e8b465ee728b)  -> (artifact id: '04706e9499cdbd5f71b0f70ff6679b07') in 0.013524 seconds 
  Import took 0.016682 seconds .

========================================================================
Received Import Request.
  Time since last request: 0.000197 seconds.
  path: Assets/Background/Clouds/Clouds 1/3.png
  artifactKey: Guid(b644c8448856e4258a4cca46e5d87b28) Importer(815301076,1909f56bfc062723c751e8b465ee728b)
Start importing Assets/Background/Clouds/Clouds 1/3.png using Guid(b644c8448856e4258a4cca46e5d87b28) Importer(815301076,1909f56bfc062723c751e8b465ee728b)  -> (artifact id: '8bbd0f802b5d7f53b4b657b75b74c8c7') in 0.011259 seconds 
  Import took 0.014183 seconds .

========================================================================
Received Import Request.
  Time since last request: 43.555226 seconds.
  path: Assets/Background/PSD/Clouds 1.psd
  artifactKey: Guid(627eb15fc4f274e2ca06ae8e0bb88252) Importer(815301076,1909f56bfc062723c751e8b465ee728b)
Start importing Assets/Background/PSD/Clouds 1.psd using Guid(627eb15fc4f274e2ca06ae8e0bb88252) Importer(815301076,1909f56bfc062723c751e8b465ee728b)  -> (artifact id: '2b74a8534b0493caf2d6186821fddd87') in 0.934757 seconds 
  Import took 0.942846 seconds .

========================================================================
Received Import Request.
  Time since last request: 0.000303 seconds.
  path: Assets/Background/PSD/Clouds 4.psd
  artifactKey: Guid(073fbda7ec5434c299278521d9f6bbd3) Importer(815301076,1909f56bfc062723c751e8b465ee728b)
Start importing Assets/Background/PSD/Clouds 4.psd using Guid(073fbda7ec5434c299278521d9f6bbd3) Importer(815301076,1909f56bfc062723c751e8b465ee728b)  -> (artifact id: 'e6e4c8eb5ade7fc595942b4b6e88dad1') in 0.020450 seconds 
  Import took 0.023503 seconds .

========================================================================
Received Import Request.
  Time since last request: 0.000246 seconds.
  path: Assets/Background/PSD/Clouds 6.psd
  artifactKey: Guid(b6402745718434f3eb44b113ceb11325) Importer(815301076,1909f56bfc062723c751e8b465ee728b)
Start importing Assets/Background/PSD/Clouds 6.psd using Guid(b6402745718434f3eb44b113ceb11325) Importer(815301076,1909f56bfc062723c751e8b465ee728b)  -> (artifact id: 'd4b3780e23d39f42a741ed779aa8a1eb') in 0.014193 seconds 
  Import took 0.017273 seconds .

========================================================================
Received Import Request.
  Time since last request: 0.000208 seconds.
  path: Assets/Background/PSD/Clouds 8.psd
  artifactKey: Guid(7447d3610d8ad4a3aae4d85505c6a78e) Importer(815301076,1909f56bfc062723c751e8b465ee728b)
Start importing Assets/Background/PSD/Clouds 8.psd using Guid(7447d3610d8ad4a3aae4d85505c6a78e) Importer(815301076,1909f56bfc062723c751e8b465ee728b)  -> (artifact id: 'b828c163d59a94ef4220993c3b908dd0') in 0.016101 seconds 
  Import took 0.019014 seconds .

========================================================================
Received Import Request.
  Time since last request: 0.000234 seconds.
  path: Assets/Background/PSD/Clouds 3.psd
  artifactKey: Guid(d253a9eca9b944019803863e624e621c) Importer(815301076,1909f56bfc062723c751e8b465ee728b)
Start importing Assets/Background/PSD/Clouds 3.psd using Guid(d253a9eca9b944019803863e624e621c) Importer(815301076,1909f56bfc062723c751e8b465ee728b)  -> (artifact id: '958e0a0d65939812a8f4cf933c672607') in 0.011468 seconds 
  Import took 0.014394 seconds .

========================================================================
Received Import Request.
  Time since last request: 0.000240 seconds.
  path: Assets/Background/PSD/Clouds 5.psd
  artifactKey: Guid(65d2b958db21a428aabb905cef825940) Importer(815301076,1909f56bfc062723c751e8b465ee728b)
Start importing Assets/Background/PSD/Clouds 5.psd using Guid(65d2b958db21a428aabb905cef825940) Importer(815301076,1909f56bfc062723c751e8b465ee728b)  -> (artifact id: '0e618f519c6bea52a9c74fe12d019f4d') in 0.014140 seconds 
  Import took 0.016905 seconds .

========================================================================
Received Import Request.
  Time since last request: 0.000213 seconds.
  path: Assets/Background/PSD/Clouds 2.psd
  artifactKey: Guid(8c2e19b7a0b7d4f01873abba15946fb6) Importer(815301076,1909f56bfc062723c751e8b465ee728b)
Start importing Assets/Background/PSD/Clouds 2.psd using Guid(8c2e19b7a0b7d4f01873abba15946fb6) Importer(815301076,1909f56bfc062723c751e8b465ee728b)  -> (artifact id: '90a6d50cc3a53d92ba2a7f25ba24b97a') in 0.011319 seconds 
  Import took 0.014133 seconds .

========================================================================
Received Import Request.
  Time since last request: 0.000193 seconds.
  path: Assets/Background/PSD/Clouds 7.psd
  artifactKey: Guid(37e83c7cf0471422a863354be6af902f) Importer(815301076,1909f56bfc062723c751e8b465ee728b)
Start importing Assets/Background/PSD/Clouds 7.psd using Guid(37e83c7cf0471422a863354be6af902f) Importer(815301076,1909f56bfc062723c751e8b465ee728b)  -> (artifact id: '9e1971df95f75c3b412af1858e91ab8f') in 0.012354 seconds 
  Import took 0.015396 seconds .

========================================================================
Received Import Request.
  Time since last request: 482.718612 seconds.
  path: Assets/Background
  artifactKey: Guid(55ff2f00dd63543ce97003cdcaea303f) Importer(815301076,1909f56bfc062723c751e8b465ee728b)
Start importing Assets/Background using Guid(55ff2f00dd63543ce97003cdcaea303f) Importer(815301076,1909f56bfc062723c751e8b465ee728b)  -> (artifact id: '303510c1657081f989a4cc8fad214aaa') in 0.002070 seconds 
  Import took 0.005792 seconds .

========================================================================
Received Import Request.
  Time since last request: 2.665721 seconds.
  path: Assets/Background/PSD
  artifactKey: Guid(a4eeb745bbc5e49b0b54954573bf44ec) Importer(815301076,1909f56bfc062723c751e8b465ee728b)
Start importing Assets/Background/PSD using Guid(a4eeb745bbc5e49b0b54954573bf44ec) Importer(815301076,1909f56bfc062723c751e8b465ee728b)  -> (artifact id: '9cac05b8dc040fe35c1d51179eb1480e') in 0.001527 seconds 
  Import took 0.005058 seconds .

========================================================================
Received Prepare
Registering precompiled user dll's ...
Registered in 0.007200 seconds.
Begin MonoManager ReloadAssembly
Native extension for OSXStandalone target not found
Native extension for WebGL target not found
Refreshing native plugins compatible for Editor in 0.46 ms, found 3 plugins.
Preloading 0 native plugins for Editor in 0.00 ms.
2022-11-09 22:40:58.927 Unity[2538:75268] NSEventModifierFlagFunction specified to -setKeyEquivalentModifierMask: for item <NSMenuItem: 0x7f93b671da90 Font Asset, ke='Command-F12'>, but is only supported for system-provided menu items; will not be used
Mono: successfully reloaded assembly
- Completed reload, in  1.757 seconds
Domain Reload Profiling:
	ReloadAssembly (1760ms)
		BeginReloadAssembly (339ms)
			ExecutionOrderSort (0ms)
			DisableScriptedObjects (24ms)
			BackupInstance (0ms)
			ReleaseScriptingObjects (0ms)
			CreateAndSetChildDomain (158ms)
		EndReloadAssembly (1337ms)
			LoadAssemblies (194ms)
			RebuildTransferFunctionScriptingTraits (1ms)
			SetupTypeCache (533ms)
			ReleaseScriptCaches (1ms)
			RebuildScriptCaches (72ms)
			SetupLoadedEditorAssemblies (446ms)
				LogAssemblyErrors (0ms)
				InitializePlatformSupportModulesInManaged (7ms)
				SetLoadedEditorAssemblies (1ms)
				RefreshPlugins (0ms)
				BeforeProcessingInitializeOnLoad (141ms)
				ProcessInitializeOnLoadAttributes (279ms)
				ProcessInitializeOnLoadMethodAttributes (16ms)
				AfterProcessingInitializeOnLoad (1ms)
				EditorAssembliesLoaded (0ms)
			ExecutionOrderSort2 (0ms)
			AwakeInstancesAfterBackupRestoration (11ms)
Platform modules already initialized, skipping
Refreshing native plugins compatible for Editor in 0.42 ms, found 3 plugins.
Preloading 0 native plugins for Editor in 0.00 ms.
Unloading 2194 Unused Serialized files (Serialized files now loaded: 0)
System memory in use before: 227.9 MB.
System memory in use after: 227.9 MB.

Unloading 23 unused Assets to reduce memory usage. Loaded Objects now: 2683.
Total: 3.781410 ms (FindLiveObjects: 0.183263 ms CreateObjectMapping: 0.066770 ms MarkObjects: 3.393692 ms  DeleteObjects: 0.136821 ms)

AssetImportParameters requested are different than current active one (requested -> active):
  custom:video-decoder-ogg-theora: a1e56fd34408186e4bbccfd4996cb3dc -> 
  custom:container-muxer-webm: aa71ff27fc2769a1b78a27578f13a17b -> 
  custom:container-demuxer-webm: 4f35f7cbe854078d1ac9338744f61a02 -> 
  custom:container-demuxer-ogg: 62fdf1f143b41e24485cea50d1cbac27 -> 
  custom:video-encoder-webm-vp8: eb34c28f22e8b96e1ab97ce403110664 -> 
  custom:framework-osx-AVFoundation: e770b220cccbd017edd2c1fefb359320 -> 
  custom:video-decoder-webm-vp8: 9c59270c3fd7afecdb556c50c9e8de78 -> 
  custom:audio-decoder-ogg-vorbis: bf7c407c2cedff20999df2af8eb42d56 -> 
  custom:audio-encoder-webm-vorbis: bf7c407c2cedff20999df2af8eb42d56 -> 
AssetImportWorkerClient::OnTransportError - code=2 error=End of file
